2024-07-03 13:19:14.905 [info] Added views:workbench.panel.markers.view in workbench.panel.markers
2024-07-03 13:19:14.905 [info] Added views:workbench.panel.output in workbench.panel.output
2024-07-03 13:19:14.905 [info] Added views:terminal in terminal
2024-07-03 13:19:14.905 [info] Added views:outline in workbench.view.explorer
2024-07-03 13:19:14.905 [info] Added views:workbench.scm in workbench.view.scm
2024-07-03 13:19:14.905 [info] Added views:workbench.view.search in workbench.view.search
2024-07-03 13:19:14.905 [info] Added views:timeline in workbench.view.explorer
2024-07-03 13:19:14.905 [info] Added views:workbench.explorer.emptyView in workbench.view.explorer
2024-07-03 13:19:15.097 [info] Added views:workbench.debug.variablesView,workbench.debug.watchExpressionsView,workbench.debug.callStackView,workbench.debug.breakPointsView in workbench.view.debug
2024-07-03 13:19:15.334 [info] Added views:projectsExplorerFavorites,projectManagerHelpAndFeedback in workbench.view.extension.project-manager
2024-07-03 13:19:15.337 [info] Added views:gitlens.views.home,gitlens.views.workspaces,gitlens.views.account in workbench.view.extension.gitlens
2024-07-03 13:19:15.339 [info] Added views:gitlens.views.commitDetails,gitlens.views.lineHistory,gitlens.views.fileHistory,gitlens.views.searchAndCompare in workbench.view.extension.gitlensInspect
2024-07-03 13:19:15.339 [info] Added views:gitlens.views.commits,gitlens.views.branches,gitlens.views.remotes,gitlens.views.stashes,gitlens.views.tags,gitlens.views.contributors in workbench.view.scm
2024-07-03 13:19:15.536 [info] Added views:workbench.panel.repl.view in workbench.panel.repl
2024-07-03 13:19:15.537 [info] Removed views:workbench.debug.breakPointsView,workbench.debug.callStackView,workbench.debug.watchExpressionsView,workbench.debug.variablesView from workbench.view.debug
2024-07-03 13:19:15.537 [info] Added views:workbench.debug.welcome in workbench.view.debug
2024-07-03 13:19:15.899 [info] Added views:~remote.forwardedPorts in ~remote.forwardedPortsContainer
2024-07-03 13:19:16.025 [info] Added views:projectsExplorerGit in workbench.view.extension.project-manager
2024-07-03 13:19:16.034 [info] Removed views:gitlens.views.workspaces from workbench.view.extension.gitlens
2024-07-03 13:19:16.043 [info] Removed views:gitlens.views.searchAndCompare,gitlens.views.fileHistory,gitlens.views.lineHistory,gitlens.views.commitDetails from workbench.view.extension.gitlensInspect
2024-07-03 13:19:16.043 [info] Removed views:gitlens.views.contributors,gitlens.views.tags,gitlens.views.stashes,gitlens.views.remotes,gitlens.views.branches,gitlens.views.commits from workbench.view.scm
2024-07-03 13:19:29.480 [info] Added views:workbench.panel.markers.view in workbench.panel.markers
2024-07-03 13:19:29.480 [info] Added views:workbench.panel.output in workbench.panel.output
2024-07-03 13:19:29.480 [info] Added views:terminal in terminal
2024-07-03 13:19:29.480 [info] Added views:outline in workbench.view.explorer
2024-07-03 13:19:29.480 [info] Added views:workbench.scm in workbench.view.scm
2024-07-03 13:19:29.480 [info] Added views:workbench.view.search in workbench.view.search
2024-07-03 13:19:29.480 [info] Added views:timeline in workbench.view.explorer
2024-07-03 13:19:29.480 [info] Added views:workbench.explorer.fileView in workbench.view.explorer
2024-07-03 13:19:29.756 [info] Added views:projectsExplorerFavorites,projectManagerHelpAndFeedback in workbench.view.extension.project-manager
2024-07-03 13:19:29.756 [info] Added views:gitlens.views.home,gitlens.views.workspaces,gitlens.views.account in workbench.view.extension.gitlens
2024-07-03 13:19:29.757 [info] Added views:gitlens.views.commitDetails,gitlens.views.lineHistory,gitlens.views.fileHistory,gitlens.views.searchAndCompare in workbench.view.extension.gitlensInspect
2024-07-03 13:19:29.757 [info] Added views:gitlens.views.commits,gitlens.views.branches,gitlens.views.remotes,gitlens.views.stashes,gitlens.views.tags,gitlens.views.contributors in workbench.view.scm
2024-07-03 13:19:29.758 [info] Added views:thunder-client-sidebar in workbench.view.extension.thunder-client
2024-07-03 13:19:29.799 [info] Added views:workbench.debug.welcome in workbench.view.debug
2024-07-03 13:19:30.043 [info] Added views:workbench.panel.repl.view in workbench.panel.repl
2024-07-03 13:19:30.808 [info] Added views:~remote.forwardedPorts in ~remote.forwardedPortsContainer
2024-07-03 13:19:31.207 [info] Added views:projectsExplorerGit in workbench.view.extension.project-manager
2024-07-03 13:19:31.209 [info] Removed views:gitlens.views.searchAndCompare,gitlens.views.fileHistory,gitlens.views.lineHistory,gitlens.views.commitDetails from workbench.view.extension.gitlensInspect
2024-07-03 13:19:31.211 [info] Removed views:gitlens.views.contributors,gitlens.views.tags,gitlens.views.stashes,gitlens.views.remotes,gitlens.views.branches,gitlens.views.commits from workbench.view.scm
2024-07-03 13:19:31.331 [info] Added views:gitlens.views.drafts in workbench.view.extension.gitlens
