2024-07-26 05:15:57.185 [info] Extension host with pid 68522 started
2024-07-26 05:15:57.395 [info] ExtensionService#_doActivateExtension vscode.emmet, startup: false, activationEvent: 'onLanguage'
2024-07-26 05:15:57.483 [info] ExtensionService#_doActivateExtension vscode.git-base, startup: true, activationEvent: '*'
2024-07-26 05:15:57.486 [info] ExtensionService#_doActivateExtension formulahendry.auto-close-tag, startup: true, activationEvent: '*'
2024-07-26 05:15:57.495 [info] ExtensionService#_doActivateExtension formulahendry.auto-rename-tag, startup: true, activationEvent: '*'
2024-07-26 05:15:57.559 [info] ExtensionService#_doActivateExtension vscode.github, startup: true, activationEvent: '*'
2024-07-26 05:15:57.739 [info] Eager extensions activated
2024-07-26 05:15:57.741 [info] ExtensionService#_doActivateExtension vscode.debug-auto-launch, startup: false, activationEvent: 'onStartupFinished'
2024-07-26 05:15:57.743 [info] ExtensionService#_doActivateExtension vscode.merge-conflict, startup: false, activationEvent: 'onStartupFinished'
2024-07-26 05:15:57.765 [info] ExtensionService#_doActivateExtension alefragnani.project-manager, startup: false, activationEvent: 'onStartupFinished'
2024-07-26 05:15:57.785 [info] ExtensionService#_doActivateExtension eamodio.gitlens, startup: false, activationEvent: 'onStartupFinished'
2024-07-26 05:15:57.959 [info] ExtensionService#_doActivateExtension esbenp.prettier-vscode, startup: false, activationEvent: 'onStartupFinished'
2024-07-26 05:15:58.413 [info] ExtensionService#_doActivateExtension vscode.github-authentication, startup: false, activationEvent: 'onAuthenticationRequest:github'
2024-07-26 05:16:14.444 [info] Extension host terminating: renderer closed the MessagePort
2024-07-26 05:16:14.479 [error] Canceled: Canceled
    at new g (/usr/share/code/resources/app/out/vs/workbench/api/node/extensionHostProcess.js:141:110274)
    at l.U (/usr/share/code/resources/app/out/vs/workbench/api/node/extensionHostProcess.js:150:10866)
    at Proxy.P.<computed>.j.charCodeAt.P.<computed> (/usr/share/code/resources/app/out/vs/workbench/api/node/extensionHostProcess.js:150:8317)
    at d.g (/usr/share/code/resources/app/out/vs/workbench/api/node/extensionHostProcess.js:141:139555)
    at d.executeCommand (/usr/share/code/resources/app/out/vs/workbench/api/node/extensionHostProcess.js:141:138993)
    at p.registerCommand.description (/usr/share/code/resources/app/out/vs/workbench/api/node/extensionHostProcess.js:141:138317)
    at d.h (/usr/share/code/resources/app/out/vs/workbench/api/node/extensionHostProcess.js:141:140094)
    at d.g (/usr/share/code/resources/app/out/vs/workbench/api/node/extensionHostProcess.js:141:139086)
    at d.executeCommand (/usr/share/code/resources/app/out/vs/workbench/api/node/extensionHostProcess.js:141:138993)
    at Object.executeCommand (/usr/share/code/resources/app/out/vs/workbench/api/node/extensionHostProcess.js:158:21333)
    at w (/root/.vscode/extensions/eamodio.gitlens-15.2.1/dist/gitlens.js:1455:39724)
    at c (/root/.vscode/extensions/eamodio.gitlens-15.2.1/dist/gitlens.js:1455:44783)
    at ActionRunners._updateContextKeys (/root/.vscode/extensions/eamodio.gitlens-15.2.1/dist/gitlens.js:1101:19317)
    at s (/root/.vscode/extensions/eamodio.gitlens-15.2.1/dist/gitlens.js:1101:17761)
    at RegisteredActionRunner.unregister (/root/.vscode/extensions/eamodio.gitlens-15.2.1/dist/gitlens.js:1101:17904)
    at RegisteredActionRunner.dispose (/root/.vscode/extensions/eamodio.gitlens-15.2.1/dist/gitlens.js:1101:16557)
    at ActionRunners.dispose (/root/.vscode/extensions/eamodio.gitlens-15.2.1/dist/gitlens.js:1101:17344)
    at /root/.vscode/extensions/eamodio.gitlens-15.2.1/dist/gitlens.js:1414:20154
    at Array.forEach (<anonymous>)
    at Object.dispose (/root/.vscode/extensions/eamodio.gitlens-15.2.1/dist/gitlens.js:1414:20136)
    at s (/usr/share/code/resources/app/out/vs/workbench/api/node/extensionHostProcess.js:30:754)
    at f.cb (/usr/share/code/resources/app/out/vs/workbench/api/node/extensionHostProcess.js:154:9873)
    at /usr/share/code/resources/app/out/vs/workbench/api/node/extensionHostProcess.js:154:7808
    at Array.map (<anonymous>)
    at f.Y (/usr/share/code/resources/app/out/vs/workbench/api/node/extensionHostProcess.js:154:7795)
    at f.terminate (/usr/share/code/resources/app/out/vs/workbench/api/node/extensionHostProcess.js:154:8068)
    at s.terminate (/usr/share/code/resources/app/out/vs/workbench/api/node/extensionHostProcess.js:158:1513)
    at a (/usr/share/code/resources/app/out/vs/workbench/api/node/extensionHostProcess.js:171:9802)
    at MessagePortMain.<anonymous> (/usr/share/code/resources/app/out/vs/workbench/api/node/extensionHostProcess.js:171:6227)
    at MessagePortMain.emit (node:events:513:28)
    at Object.MessagePortMain._internalPort.emit (node:electron/js2c/utility_init:2:367) setContext undefined
2024-07-26 05:16:14.480 [error] Canceled: Canceled
    at new g (/usr/share/code/resources/app/out/vs/workbench/api/node/extensionHostProcess.js:141:110274)
    at l.U (/usr/share/code/resources/app/out/vs/workbench/api/node/extensionHostProcess.js:150:10866)
    at Proxy.P.<computed>.j.charCodeAt.P.<computed> (/usr/share/code/resources/app/out/vs/workbench/api/node/extensionHostProcess.js:150:8317)
    at d.g (/usr/share/code/resources/app/out/vs/workbench/api/node/extensionHostProcess.js:141:139555)
    at d.executeCommand (/usr/share/code/resources/app/out/vs/workbench/api/node/extensionHostProcess.js:141:138993)
    at p.registerCommand.description (/usr/share/code/resources/app/out/vs/workbench/api/node/extensionHostProcess.js:141:138317)
    at d.h (/usr/share/code/resources/app/out/vs/workbench/api/node/extensionHostProcess.js:141:140094)
    at d.g (/usr/share/code/resources/app/out/vs/workbench/api/node/extensionHostProcess.js:141:139086)
    at d.executeCommand (/usr/share/code/resources/app/out/vs/workbench/api/node/extensionHostProcess.js:141:138993)
    at Object.executeCommand (/usr/share/code/resources/app/out/vs/workbench/api/node/extensionHostProcess.js:158:21333)
    at w (/root/.vscode/extensions/eamodio.gitlens-15.2.1/dist/gitlens.js:1455:39724)
    at c (/root/.vscode/extensions/eamodio.gitlens-15.2.1/dist/gitlens.js:1455:44783)
    at ActionRunners._updateContextKeys (/root/.vscode/extensions/eamodio.gitlens-15.2.1/dist/gitlens.js:1101:19317)
    at s (/root/.vscode/extensions/eamodio.gitlens-15.2.1/dist/gitlens.js:1101:17761)
    at RegisteredActionRunner.unregister (/root/.vscode/extensions/eamodio.gitlens-15.2.1/dist/gitlens.js:1101:17904)
    at RegisteredActionRunner.dispose (/root/.vscode/extensions/eamodio.gitlens-15.2.1/dist/gitlens.js:1101:16557)
    at ActionRunners.dispose (/root/.vscode/extensions/eamodio.gitlens-15.2.1/dist/gitlens.js:1101:17344)
    at /root/.vscode/extensions/eamodio.gitlens-15.2.1/dist/gitlens.js:1414:20154
    at Array.forEach (<anonymous>)
    at Object.dispose (/root/.vscode/extensions/eamodio.gitlens-15.2.1/dist/gitlens.js:1414:20136)
    at s (/usr/share/code/resources/app/out/vs/workbench/api/node/extensionHostProcess.js:30:754)
    at f.cb (/usr/share/code/resources/app/out/vs/workbench/api/node/extensionHostProcess.js:154:9873)
    at /usr/share/code/resources/app/out/vs/workbench/api/node/extensionHostProcess.js:154:7808
    at Array.map (<anonymous>)
    at f.Y (/usr/share/code/resources/app/out/vs/workbench/api/node/extensionHostProcess.js:154:7795)
    at f.terminate (/usr/share/code/resources/app/out/vs/workbench/api/node/extensionHostProcess.js:154:8068)
    at s.terminate (/usr/share/code/resources/app/out/vs/workbench/api/node/extensionHostProcess.js:158:1513)
    at a (/usr/share/code/resources/app/out/vs/workbench/api/node/extensionHostProcess.js:171:9802)
    at MessagePortMain.<anonymous> (/usr/share/code/resources/app/out/vs/workbench/api/node/extensionHostProcess.js:171:6227)
    at MessagePortMain.emit (node:events:513:28)
    at Object.MessagePortMain._internalPort.emit (node:electron/js2c/utility_init:2:367) setContext undefined
2024-07-26 05:16:14.480 [error] Canceled: Canceled
    at new g (/usr/share/code/resources/app/out/vs/workbench/api/node/extensionHostProcess.js:141:110274)
    at l.U (/usr/share/code/resources/app/out/vs/workbench/api/node/extensionHostProcess.js:150:10866)
    at Proxy.P.<computed>.j.charCodeAt.P.<computed> (/usr/share/code/resources/app/out/vs/workbench/api/node/extensionHostProcess.js:150:8317)
    at d.g (/usr/share/code/resources/app/out/vs/workbench/api/node/extensionHostProcess.js:141:139555)
    at d.executeCommand (/usr/share/code/resources/app/out/vs/workbench/api/node/extensionHostProcess.js:141:138993)
    at p.registerCommand.description (/usr/share/code/resources/app/out/vs/workbench/api/node/extensionHostProcess.js:141:138317)
    at d.h (/usr/share/code/resources/app/out/vs/workbench/api/node/extensionHostProcess.js:141:140094)
    at d.g (/usr/share/code/resources/app/out/vs/workbench/api/node/extensionHostProcess.js:141:139086)
    at d.executeCommand (/usr/share/code/resources/app/out/vs/workbench/api/node/extensionHostProcess.js:141:138993)
    at Object.executeCommand (/usr/share/code/resources/app/out/vs/workbench/api/node/extensionHostProcess.js:158:21333)
    at w (/root/.vscode/extensions/eamodio.gitlens-15.2.1/dist/gitlens.js:1455:39724)
    at c (/root/.vscode/extensions/eamodio.gitlens-15.2.1/dist/gitlens.js:1455:44783)
    at ActionRunners._updateContextKeys (/root/.vscode/extensions/eamodio.gitlens-15.2.1/dist/gitlens.js:1101:19317)
    at s (/root/.vscode/extensions/eamodio.gitlens-15.2.1/dist/gitlens.js:1101:17761)
    at RegisteredActionRunner.unregister (/root/.vscode/extensions/eamodio.gitlens-15.2.1/dist/gitlens.js:1101:17904)
    at RegisteredActionRunner.dispose (/root/.vscode/extensions/eamodio.gitlens-15.2.1/dist/gitlens.js:1101:16557)
    at ActionRunners.dispose (/root/.vscode/extensions/eamodio.gitlens-15.2.1/dist/gitlens.js:1101:17344)
    at /root/.vscode/extensions/eamodio.gitlens-15.2.1/dist/gitlens.js:1414:20154
    at Array.forEach (<anonymous>)
    at Object.dispose (/root/.vscode/extensions/eamodio.gitlens-15.2.1/dist/gitlens.js:1414:20136)
    at s (/usr/share/code/resources/app/out/vs/workbench/api/node/extensionHostProcess.js:30:754)
    at f.cb (/usr/share/code/resources/app/out/vs/workbench/api/node/extensionHostProcess.js:154:9873)
    at /usr/share/code/resources/app/out/vs/workbench/api/node/extensionHostProcess.js:154:7808
    at Array.map (<anonymous>)
    at f.Y (/usr/share/code/resources/app/out/vs/workbench/api/node/extensionHostProcess.js:154:7795)
    at f.terminate (/usr/share/code/resources/app/out/vs/workbench/api/node/extensionHostProcess.js:154:8068)
    at s.terminate (/usr/share/code/resources/app/out/vs/workbench/api/node/extensionHostProcess.js:158:1513)
    at a (/usr/share/code/resources/app/out/vs/workbench/api/node/extensionHostProcess.js:171:9802)
    at MessagePortMain.<anonymous> (/usr/share/code/resources/app/out/vs/workbench/api/node/extensionHostProcess.js:171:6227)
    at MessagePortMain.emit (node:events:513:28)
    at Object.MessagePortMain._internalPort.emit (node:electron/js2c/utility_init:2:367) setContext undefined
2024-07-26 05:16:14.483 [info] Extension host with pid 68522 exiting with code 0
