2024-07-03 13:19:30.880 [info] Log level: Info
2024-07-03 13:19:30.880 [info] Validating found git in: "git"
2024-07-03 13:19:30.880 [info] Using git "2.34.1" from "git"
2024-07-03 13:19:30.880 [info] > git rev-parse --show-toplevel [18ms]
2024-07-03 13:19:30.880 [info] fatal: not a git repository (or any of the parent directories): .git
2024-07-03 13:19:30.880 [info] > git rev-parse --show-toplevel [4ms]
2024-07-03 13:19:30.880 [info] fatal: not a git repository (or any of the parent directories): .git
2024-07-03 13:19:30.898 [info] > git rev-parse --show-toplevel [22ms]
2024-07-03 13:19:30.898 [info] fatal: not a git repository (or any of the parent directories): .git
2024-07-03 13:19:30.909 [info] > git rev-parse --show-toplevel [2ms]
2024-07-03 13:19:30.909 [info] fatal: not a git repository (or any of the parent directories): .git
2024-07-03 13:19:30.925 [info] > git rev-parse --show-toplevel [5ms]
2024-07-03 13:19:30.925 [info] fatal: not a git repository (or any of the parent directories): .git
2024-07-03 13:19:30.938 [info] > git rev-parse --show-toplevel [7ms]
2024-07-03 13:19:30.938 [info] fatal: not a git repository (or any of the parent directories): .git
2024-07-03 13:19:30.970 [info] > git rev-parse --show-toplevel [9ms]
2024-07-03 13:19:30.970 [info] fatal: not a git repository (or any of the parent directories): .git
2024-07-03 13:19:30.978 [info] > git rev-parse --show-toplevel [1ms]
2024-07-03 13:19:30.978 [info] fatal: not a git repository (or any of the parent directories): .git
2024-07-03 13:19:30.988 [info] > git rev-parse --show-toplevel [1ms]
2024-07-03 13:19:30.988 [info] fatal: not a git repository (or any of the parent directories): .git
2024-07-03 13:19:30.997 [info] > git rev-parse --show-toplevel [3ms]
2024-07-03 13:19:30.997 [info] fatal: not a git repository (or any of the parent directories): .git
2024-07-03 13:19:31.006 [info] > git rev-parse --show-toplevel [2ms]
2024-07-03 13:19:31.006 [info] fatal: not a git repository (or any of the parent directories): .git
2024-07-03 13:19:31.132 [info] > git rev-parse --show-toplevel [3ms]
2024-07-03 13:19:31.132 [info] fatal: not a git repository (or any of the parent directories): .git
2024-07-03 13:19:31.373 [info] > git rev-parse --show-toplevel [95ms]
2024-07-03 13:19:31.374 [info] fatal: not a git repository (or any of the parent directories): .git
2024-07-03 13:19:31.442 [info] > git rev-parse --show-toplevel [12ms]
2024-07-03 13:19:31.442 [info] fatal: not a git repository (or any of the parent directories): .git
2024-07-03 13:19:31.457 [info] > git rev-parse --show-toplevel [3ms]
2024-07-03 13:19:31.457 [info] fatal: not a git repository (or any of the parent directories): .git
2024-07-03 13:19:31.470 [info] > git rev-parse --show-toplevel [2ms]
2024-07-03 13:19:31.470 [info] fatal: not a git repository (or any of the parent directories): .git
2024-07-03 13:19:31.485 [info] > git rev-parse --show-toplevel [3ms]
2024-07-03 13:19:31.485 [info] fatal: not a git repository (or any of the parent directories): .git
2024-07-03 13:19:31.494 [info] > git rev-parse --show-toplevel [2ms]
2024-07-03 13:19:31.494 [info] fatal: not a git repository (or any of the parent directories): .git
2024-07-03 13:19:31.522 [info] > git rev-parse --show-toplevel [20ms]
2024-07-03 13:19:31.522 [info] fatal: not a git repository (or any of the parent directories): .git
2024-07-03 13:19:31.605 [info] > git rev-parse --show-toplevel [3ms]
2024-07-03 13:19:31.606 [info] fatal: not a git repository (or any of the parent directories): .git
2024-07-03 13:19:31.816 [info] > git rev-parse --show-toplevel [1ms]
2024-07-03 13:19:31.816 [info] fatal: not a git repository (or any of the parent directories): .git
2024-07-03 13:19:38.924 [info] > git rev-parse --show-toplevel [3ms]
2024-07-03 13:19:38.924 [info] fatal: not a git repository (or any of the parent directories): .git
2024-07-03 13:20:21.968 [info] > git rev-parse --show-toplevel [1ms]
2024-07-03 13:20:21.968 [info] fatal: not a git repository (or any of the parent directories): .git
2024-07-03 13:20:27.549 [info] > git rev-parse --show-toplevel [1ms]
2024-07-03 13:20:27.550 [info] fatal: not a git repository (or any of the parent directories): .git
2024-07-03 13:20:29.698 [info] > git rev-parse --show-toplevel [8ms]
2024-07-03 13:20:29.698 [info] fatal: not a git repository (or any of the parent directories): .git
