2024-07-19 04:33:20.247 [info] Added views:workbench.panel.markers.view in workbench.panel.markers
2024-07-19 04:33:20.247 [info] Added views:workbench.panel.output in workbench.panel.output
2024-07-19 04:33:20.247 [info] Added views:terminal in terminal
2024-07-19 04:33:20.247 [info] Added views:outline in workbench.view.explorer
2024-07-19 04:33:20.247 [info] Added views:workbench.scm in workbench.view.scm
2024-07-19 04:33:20.247 [info] Added views:workbench.view.search in workbench.view.search
2024-07-19 04:33:20.247 [info] Added views:timeline in workbench.view.explorer
2024-07-19 04:33:20.247 [info] Added views:workbench.explorer.emptyView in workbench.view.explorer
2024-07-19 04:33:20.442 [info] Added views:workbench.debug.variablesView,workbench.debug.watchExpressionsView,workbench.debug.callStackView,workbench.debug.breakPointsView in workbench.view.debug
2024-07-19 04:33:20.979 [info] Added views:projectsExplorerFavorites,projectManagerHelpAndFeedback in workbench.view.extension.project-manager
2024-07-19 04:33:20.980 [info] Added views:gitlens.views.home,gitlens.views.workspaces,gitlens.views.account in workbench.view.extension.gitlens
2024-07-19 04:33:20.981 [info] Added views:gitlens.views.commitDetails,gitlens.views.lineHistory,gitlens.views.fileHistory,gitlens.views.searchAndCompare in workbench.view.extension.gitlensInspect
2024-07-19 04:33:20.981 [info] Added views:gitlens.views.commits,gitlens.views.branches,gitlens.views.remotes,gitlens.views.stashes,gitlens.views.tags,gitlens.views.contributors in workbench.view.scm
2024-07-19 04:33:21.110 [info] Added views:workbench.panel.repl.view in workbench.panel.repl
2024-07-19 04:33:21.114 [info] Removed views:workbench.debug.breakPointsView,workbench.debug.callStackView,workbench.debug.watchExpressionsView,workbench.debug.variablesView from workbench.view.debug
2024-07-19 04:33:21.115 [info] Added views:workbench.debug.welcome in workbench.view.debug
2024-07-19 04:33:21.360 [info] Added views:~remote.forwardedPorts in ~remote.forwardedPortsContainer
2024-07-19 04:33:21.770 [info] Added views:projectsExplorerGit in workbench.view.extension.project-manager
2024-07-19 04:33:21.780 [info] Removed views:gitlens.views.workspaces from workbench.view.extension.gitlens
2024-07-19 04:33:21.784 [info] Removed views:gitlens.views.searchAndCompare,gitlens.views.fileHistory,gitlens.views.lineHistory,gitlens.views.commitDetails from workbench.view.extension.gitlensInspect
2024-07-19 04:33:21.788 [info] Removed views:gitlens.views.contributors,gitlens.views.tags,gitlens.views.stashes,gitlens.views.remotes,gitlens.views.branches,gitlens.views.commits from workbench.view.scm
2024-07-19 04:33:42.233 [info] Added views:workbench.panel.markers.view in workbench.panel.markers
2024-07-19 04:33:42.233 [info] Added views:workbench.panel.output in workbench.panel.output
2024-07-19 04:33:42.233 [info] Added views:terminal in terminal
2024-07-19 04:33:42.233 [info] Added views:outline in workbench.view.explorer
2024-07-19 04:33:42.233 [info] Added views:workbench.scm in workbench.view.scm
2024-07-19 04:33:42.233 [info] Added views:workbench.view.search in workbench.view.search
2024-07-19 04:33:42.233 [info] Added views:timeline in workbench.view.explorer
2024-07-19 04:33:42.233 [info] Added views:workbench.explorer.fileView in workbench.view.explorer
2024-07-19 04:33:42.436 [info] Added views:projectsExplorerFavorites,projectManagerHelpAndFeedback in workbench.view.extension.project-manager
2024-07-19 04:33:42.436 [info] Added views:gitlens.views.home,gitlens.views.workspaces,gitlens.views.account in workbench.view.extension.gitlens
2024-07-19 04:33:42.436 [info] Added views:gitlens.views.commitDetails,gitlens.views.lineHistory,gitlens.views.fileHistory,gitlens.views.searchAndCompare in workbench.view.extension.gitlensInspect
2024-07-19 04:33:42.437 [info] Added views:gitlens.views.commits,gitlens.views.branches,gitlens.views.remotes,gitlens.views.stashes,gitlens.views.tags,gitlens.views.contributors in workbench.view.scm
2024-07-19 04:33:42.626 [info] Added views:workbench.debug.variablesView,workbench.debug.watchExpressionsView,workbench.debug.callStackView,workbench.debug.breakPointsView in workbench.view.debug
2024-07-19 04:33:42.680 [info] Added views:workbench.panel.repl.view in workbench.panel.repl
2024-07-19 04:33:42.682 [info] Removed views:workbench.debug.breakPointsView,workbench.debug.callStackView,workbench.debug.watchExpressionsView,workbench.debug.variablesView from workbench.view.debug
2024-07-19 04:33:42.685 [info] Added views:workbench.debug.welcome in workbench.view.debug
2024-07-19 04:33:42.743 [info] Added views:~remote.forwardedPorts in ~remote.forwardedPortsContainer
2024-07-19 04:33:42.894 [info] Added views:projectsExplorerGit in workbench.view.extension.project-manager
2024-07-19 04:33:42.896 [info] Removed views:gitlens.views.workspaces from workbench.view.extension.gitlens
2024-07-19 04:33:42.898 [info] Removed views:gitlens.views.searchAndCompare,gitlens.views.fileHistory,gitlens.views.lineHistory,gitlens.views.commitDetails from workbench.view.extension.gitlensInspect
2024-07-19 04:33:42.898 [info] Removed views:gitlens.views.contributors,gitlens.views.tags,gitlens.views.stashes,gitlens.views.remotes,gitlens.views.branches,gitlens.views.commits from workbench.view.scm
