2024-07-03 06:54:16.312 [info] Log level: Info
2024-07-03 06:54:16.312 [info] Validating found git in: "git"
2024-07-03 06:54:16.312 [info] Using git "2.34.1" from "git"
2024-07-03 06:54:16.312 [info] > git rev-parse --show-toplevel [11ms]
2024-07-03 06:54:16.312 [info] fatal: not a git repository (or any of the parent directories): .git
2024-07-03 06:54:16.312 [info] > git rev-parse --show-toplevel [0ms]
2024-07-03 06:54:16.312 [info] fatal: not a git repository (or any of the parent directories): .git
2024-07-03 06:54:16.312 [info] > git rev-parse --show-toplevel [2ms]
2024-07-03 06:54:16.312 [info] fatal: not a git repository (or any of the parent directories): .git
2024-07-03 06:54:16.312 [info] > git rev-parse --show-toplevel [1ms]
2024-07-03 06:54:16.312 [info] fatal: not a git repository (or any of the parent directories): .git
2024-07-03 06:54:16.312 [info] > git rev-parse --show-toplevel [1ms]
2024-07-03 06:54:16.312 [info] fatal: not a git repository (or any of the parent directories): .git
2024-07-03 06:54:16.312 [info] > git rev-parse --show-toplevel [1ms]
2024-07-03 06:54:16.312 [info] fatal: not a git repository (or any of the parent directories): .git
2024-07-03 06:54:16.312 [info] > git rev-parse --show-toplevel [1ms]
2024-07-03 06:54:16.312 [info] fatal: not a git repository (or any of the parent directories): .git
2024-07-03 06:54:16.312 [info] > git rev-parse --show-toplevel [1ms]
2024-07-03 06:54:16.312 [info] fatal: not a git repository (or any of the parent directories): .git
2024-07-03 06:54:16.312 [info] > git rev-parse --show-toplevel [2ms]
2024-07-03 06:54:16.312 [info] fatal: not a git repository (or any of the parent directories): .git
2024-07-03 06:54:16.312 [info] > git rev-parse --show-toplevel [2ms]
2024-07-03 06:54:16.312 [info] fatal: not a git repository (or any of the parent directories): .git
2024-07-03 06:54:16.312 [info] > git rev-parse --show-toplevel [3ms]
2024-07-03 06:54:16.312 [info] fatal: not a git repository (or any of the parent directories): .git
2024-07-03 06:54:16.312 [info] > git rev-parse --show-toplevel [2ms]
2024-07-03 06:54:16.312 [info] fatal: not a git repository (or any of the parent directories): .git
2024-07-03 06:54:16.312 [info] > git rev-parse --show-toplevel [2ms]
2024-07-03 06:54:16.312 [info] fatal: not a git repository (or any of the parent directories): .git
2024-07-03 06:54:16.312 [info] > git rev-parse --show-toplevel [2ms]
2024-07-03 06:54:16.312 [info] fatal: not a git repository (or any of the parent directories): .git
2024-07-03 06:54:16.312 [info] > git rev-parse --show-toplevel [2ms]
2024-07-03 06:54:16.312 [info] fatal: not a git repository (or any of the parent directories): .git
2024-07-03 06:54:16.315 [info] > git rev-parse --show-toplevel [3ms]
2024-07-03 06:54:16.315 [info] fatal: not a git repository (or any of the parent directories): .git
2024-07-03 06:54:16.324 [info] > git rev-parse --show-toplevel [3ms]
2024-07-03 06:54:16.324 [info] fatal: not a git repository (or any of the parent directories): .git
2024-07-03 06:54:16.332 [info] > git rev-parse --show-toplevel [1ms]
2024-07-03 06:54:16.332 [info] fatal: not a git repository (or any of the parent directories): .git
2024-07-03 06:55:11.172 [info] > git rev-parse --show-toplevel [3ms]
2024-07-03 06:55:11.172 [info] fatal: not a git repository (or any of the parent directories): .git
2024-07-03 06:56:09.674 [info] > git rev-parse --show-toplevel [2ms]
2024-07-03 06:56:09.674 [info] fatal: not a git repository (or any of the parent directories): .git
2024-07-03 06:58:35.025 [info] > git rev-parse --show-toplevel [1ms]
2024-07-03 06:58:35.025 [info] fatal: not a git repository (or any of the parent directories): .git
2024-07-03 07:01:15.782 [info] > git rev-parse --show-toplevel [2ms]
2024-07-03 07:01:15.782 [info] fatal: not a git repository (or any of the parent directories): .git
2024-07-03 07:05:43.660 [info] > git rev-parse --show-toplevel [1ms]
2024-07-03 07:05:43.661 [info] fatal: not a git repository (or any of the parent directories): .git
2024-07-03 07:06:34.492 [info] > git rev-parse --show-toplevel [2ms]
2024-07-03 07:06:34.492 [info] fatal: not a git repository (or any of the parent directories): .git
2024-07-03 07:06:37.494 [info] > git rev-parse --show-toplevel [2ms]
2024-07-03 07:06:37.494 [info] fatal: not a git repository (or any of the parent directories): .git
2024-07-03 07:07:50.575 [info] > git rev-parse --show-toplevel [2ms]
2024-07-03 07:07:50.575 [info] fatal: not a git repository (or any of the parent directories): .git
2024-07-03 07:08:42.881 [info] > git rev-parse --show-toplevel [5ms]
2024-07-03 07:08:42.881 [info] fatal: not a git repository (or any of the parent directories): .git
2024-07-03 07:08:58.738 [info] > git rev-parse --show-toplevel [4ms]
2024-07-03 07:08:58.739 [info] fatal: not a git repository (or any of the parent directories): .git
2024-07-03 07:12:11.440 [info] > git rev-parse --show-toplevel [3ms]
2024-07-03 07:12:11.440 [info] fatal: not a git repository (or any of the parent directories): .git
2024-07-03 07:12:15.654 [info] > git rev-parse --show-toplevel [4ms]
2024-07-03 07:12:15.654 [info] fatal: not a git repository (or any of the parent directories): .git
2024-07-03 07:12:18.021 [info] > git rev-parse --show-toplevel [2ms]
2024-07-03 07:12:18.021 [info] fatal: not a git repository (or any of the parent directories): .git
2024-07-03 07:13:48.202 [info] > git rev-parse --show-toplevel [1ms]
2024-07-03 07:13:48.202 [info] fatal: not a git repository (or any of the parent directories): .git
2024-07-03 07:14:30.386 [info] > git rev-parse --show-toplevel [5ms]
2024-07-03 07:14:30.386 [info] fatal: not a git repository (or any of the parent directories): .git
2024-07-03 07:15:50.751 [info] > git rev-parse --show-toplevel [2ms]
2024-07-03 07:15:50.752 [info] fatal: not a git repository (or any of the parent directories): .git
2024-07-03 07:15:52.759 [info] > git rev-parse --show-toplevel [1ms]
2024-07-03 07:15:52.759 [info] fatal: not a git repository (or any of the parent directories): .git
2024-07-03 07:21:16.907 [info] > git rev-parse --show-toplevel [1ms]
2024-07-03 07:21:16.907 [info] fatal: not a git repository (or any of the parent directories): .git
2024-07-03 07:24:57.268 [info] > git rev-parse --show-toplevel [3ms]
2024-07-03 07:24:57.268 [info] fatal: not a git repository (or any of the parent directories): .git
2024-07-03 07:25:20.317 [info] > git rev-parse --show-toplevel [3ms]
2024-07-03 07:25:20.317 [info] fatal: not a git repository (or any of the parent directories): .git
2024-07-03 07:25:34.255 [info] > git rev-parse --show-toplevel [4ms]
2024-07-03 07:25:34.255 [info] fatal: not a git repository (or any of the parent directories): .git
2024-07-03 07:25:36.368 [info] > git rev-parse --show-toplevel [3ms]
2024-07-03 07:25:36.368 [info] fatal: not a git repository (or any of the parent directories): .git
2024-07-03 07:25:37.391 [info] > git rev-parse --show-toplevel [3ms]
2024-07-03 07:25:37.391 [info] fatal: not a git repository (or any of the parent directories): .git
2024-07-03 10:07:18.978 [info] > git rev-parse --show-toplevel [2ms]
2024-07-03 10:07:18.978 [info] fatal: not a git repository (or any of the parent directories): .git
2024-07-03 10:07:50.566 [info] > git rev-parse --show-toplevel [2ms]
2024-07-03 10:07:50.566 [info] fatal: not a git repository (or any of the parent directories): .git
2024-07-03 10:08:02.537 [info] > git rev-parse --show-toplevel [2ms]
2024-07-03 10:08:02.537 [info] fatal: not a git repository (or any of the parent directories): .git
2024-07-03 11:20:56.912 [info] > git rev-parse --show-toplevel [4ms]
2024-07-03 11:20:56.912 [info] fatal: not a git repository (or any of the parent directories): .git
2024-07-03 11:21:13.910 [info] > git rev-parse --show-toplevel [2ms]
2024-07-03 11:21:13.910 [info] fatal: not a git repository (or any of the parent directories): .git
2024-07-03 11:21:17.487 [info] > git rev-parse --show-toplevel [2ms]
2024-07-03 11:21:17.487 [info] fatal: not a git repository (or any of the parent directories): .git
2024-07-03 11:21:22.717 [info] > git rev-parse --show-toplevel [2ms]
2024-07-03 11:21:22.717 [info] fatal: not a git repository (or any of the parent directories): .git
2024-07-03 11:21:28.004 [info] > git rev-parse --show-toplevel [1ms]
2024-07-03 11:21:28.004 [info] fatal: not a git repository (or any of the parent directories): .git
2024-07-03 11:21:31.920 [info] > git rev-parse --show-toplevel [3ms]
2024-07-03 11:21:31.920 [info] fatal: not a git repository (or any of the parent directories): .git
2024-07-03 11:21:50.784 [info] > git rev-parse --show-toplevel [5ms]
2024-07-03 11:21:50.784 [info] fatal: not a git repository (or any of the parent directories): .git
2024-07-03 11:21:57.138 [info] > git rev-parse --show-toplevel [3ms]
2024-07-03 11:21:57.138 [info] fatal: not a git repository (or any of the parent directories): .git
2024-07-03 11:22:01.511 [info] > git rev-parse --show-toplevel [2ms]
2024-07-03 11:22:01.511 [info] fatal: not a git repository (or any of the parent directories): .git
2024-07-03 11:22:06.569 [info] > git rev-parse --show-toplevel [2ms]
2024-07-03 11:22:06.569 [info] fatal: not a git repository (or any of the parent directories): .git
2024-07-03 11:22:09.943 [info] > git rev-parse --show-toplevel [3ms]
2024-07-03 11:22:09.943 [info] fatal: not a git repository (or any of the parent directories): .git
2024-07-03 11:22:11.119 [info] > git rev-parse --show-toplevel [3ms]
2024-07-03 11:22:11.119 [info] fatal: not a git repository (or any of the parent directories): .git
2024-07-03 11:22:14.953 [info] > git rev-parse --show-toplevel [2ms]
2024-07-03 11:22:14.953 [info] fatal: not a git repository (or any of the parent directories): .git
2024-07-03 11:22:23.921 [info] > git rev-parse --show-toplevel [4ms]
2024-07-03 11:22:23.921 [info] fatal: not a git repository (or any of the parent directories): .git
2024-07-03 11:22:27.558 [info] > git rev-parse --show-toplevel [1ms]
2024-07-03 11:22:27.559 [info] fatal: not a git repository (or any of the parent directories): .git
2024-07-03 11:22:30.164 [info] > git rev-parse --show-toplevel [2ms]
2024-07-03 11:22:30.164 [info] fatal: not a git repository (or any of the parent directories): .git
2024-07-03 11:22:41.007 [info] > git rev-parse --show-toplevel [4ms]
2024-07-03 11:22:41.007 [info] fatal: not a git repository (or any of the parent directories): .git
2024-07-03 11:23:12.559 [info] > git rev-parse --show-toplevel [14ms]
2024-07-03 11:23:12.559 [info] fatal: not a git repository (or any of the parent directories): .git
2024-07-03 11:23:46.073 [info] > git rev-parse --show-toplevel [2ms]
2024-07-03 11:23:46.073 [info] fatal: not a git repository (or any of the parent directories): .git
2024-07-03 11:23:53.598 [info] > git rev-parse --show-toplevel [4ms]
2024-07-03 11:23:53.598 [info] fatal: not a git repository (or any of the parent directories): .git
2024-07-03 11:24:01.268 [info] > git rev-parse --show-toplevel [1ms]
2024-07-03 11:24:01.268 [info] fatal: not a git repository (or any of the parent directories): .git
2024-07-03 11:24:03.782 [info] > git rev-parse --show-toplevel [2ms]
2024-07-03 11:24:03.782 [info] fatal: not a git repository (or any of the parent directories): .git
2024-07-03 11:24:19.243 [info] > git rev-parse --show-toplevel [2ms]
2024-07-03 11:24:19.243 [info] fatal: not a git repository (or any of the parent directories): .git
2024-07-03 11:24:22.467 [info] > git rev-parse --show-toplevel [2ms]
2024-07-03 11:24:22.467 [info] fatal: not a git repository (or any of the parent directories): .git
2024-07-03 11:24:25.125 [info] > git rev-parse --show-toplevel [3ms]
2024-07-03 11:24:25.125 [info] fatal: not a git repository (or any of the parent directories): .git
2024-07-03 11:24:30.010 [info] > git rev-parse --show-toplevel [2ms]
2024-07-03 11:24:30.010 [info] fatal: not a git repository (or any of the parent directories): .git
2024-07-03 11:26:39.479 [info] > git rev-parse --show-toplevel [3ms]
2024-07-03 11:26:39.479 [info] fatal: not a git repository (or any of the parent directories): .git
2024-07-03 11:26:46.791 [info] > git rev-parse --show-toplevel [3ms]
2024-07-03 11:26:46.791 [info] fatal: not a git repository (or any of the parent directories): .git
2024-07-03 11:26:53.526 [info] > git rev-parse --show-toplevel [4ms]
2024-07-03 11:26:53.526 [info] fatal: not a git repository (or any of the parent directories): .git
2024-07-03 11:30:18.611 [info] > git rev-parse --show-toplevel [4ms]
2024-07-03 11:30:18.611 [info] fatal: not a git repository (or any of the parent directories): .git
2024-07-03 11:30:20.164 [info] > git rev-parse --show-toplevel [3ms]
2024-07-03 11:30:20.164 [info] fatal: not a git repository (or any of the parent directories): .git
2024-07-03 11:30:40.035 [info] > git rev-parse --show-toplevel [4ms]
2024-07-03 11:30:40.035 [info] fatal: not a git repository (or any of the parent directories): .git
2024-07-03 11:30:58.564 [info] > git rev-parse --show-toplevel [4ms]
2024-07-03 11:30:58.564 [info] fatal: not a git repository (or any of the parent directories): .git
2024-07-03 11:31:08.506 [info] > git rev-parse --show-toplevel [2ms]
2024-07-03 11:31:08.506 [info] fatal: not a git repository (or any of the parent directories): .git
2024-07-03 11:31:14.368 [info] > git rev-parse --show-toplevel [3ms]
2024-07-03 11:31:14.368 [info] fatal: not a git repository (or any of the parent directories): .git
2024-07-03 11:37:44.966 [info] > git rev-parse --show-toplevel [5ms]
2024-07-03 11:37:44.966 [info] fatal: not a git repository (or any of the parent directories): .git
2024-07-03 11:39:34.577 [info] > git rev-parse --show-toplevel [4ms]
2024-07-03 11:39:34.577 [info] fatal: not a git repository (or any of the parent directories): .git
2024-07-03 11:39:43.669 [info] > git rev-parse --show-toplevel [2ms]
2024-07-03 11:39:43.669 [info] fatal: not a git repository (or any of the parent directories): .git
2024-07-03 11:39:56.249 [info] > git rev-parse --show-toplevel [1ms]
2024-07-03 11:39:56.249 [info] fatal: not a git repository (or any of the parent directories): .git
2024-07-03 11:40:19.016 [info] > git rev-parse --show-toplevel [1ms]
2024-07-03 11:40:19.016 [info] fatal: not a git repository (or any of the parent directories): .git
2024-07-03 11:40:36.659 [info] > git rev-parse --show-toplevel [4ms]
2024-07-03 11:40:36.659 [info] fatal: not a git repository (or any of the parent directories): .git
2024-07-03 11:40:50.487 [info] > git rev-parse --show-toplevel [2ms]
2024-07-03 11:40:50.487 [info] fatal: not a git repository (or any of the parent directories): .git
2024-07-03 11:40:52.777 [info] > git rev-parse --show-toplevel [2ms]
2024-07-03 11:40:52.777 [info] fatal: not a git repository (or any of the parent directories): .git
2024-07-03 11:42:14.867 [info] > git rev-parse --show-toplevel [5ms]
2024-07-03 11:42:14.867 [info] fatal: not a git repository (or any of the parent directories): .git
2024-07-03 11:48:33.987 [info] > git rev-parse --show-toplevel [2ms]
2024-07-03 11:48:33.988 [info] fatal: not a git repository (or any of the parent directories): .git
2024-07-03 11:52:10.138 [info] > git rev-parse --show-toplevel [4ms]
2024-07-03 11:52:10.138 [info] fatal: not a git repository (or any of the parent directories): .git
2024-07-03 11:52:22.772 [info] > git rev-parse --show-toplevel [1ms]
2024-07-03 11:52:22.772 [info] fatal: not a git repository (or any of the parent directories): .git
2024-07-03 11:53:39.117 [info] > git rev-parse --show-toplevel [2ms]
2024-07-03 11:53:39.118 [info] fatal: not a git repository (or any of the parent directories): .git
2024-07-03 11:55:47.098 [info] > git rev-parse --show-toplevel [3ms]
2024-07-03 11:55:47.098 [info] fatal: not a git repository (or any of the parent directories): .git
2024-07-03 11:56:29.508 [info] > git rev-parse --show-toplevel [1ms]
2024-07-03 11:56:29.508 [info] fatal: not a git repository (or any of the parent directories): .git
2024-07-03 11:56:49.919 [info] > git rev-parse --show-toplevel [5ms]
2024-07-03 11:56:49.919 [info] fatal: not a git repository (or any of the parent directories): .git
2024-07-03 11:57:45.587 [info] > git rev-parse --show-toplevel [4ms]
2024-07-03 11:57:45.587 [info] fatal: not a git repository (or any of the parent directories): .git
2024-07-03 12:02:59.904 [info] > git rev-parse --show-toplevel [2ms]
2024-07-03 12:02:59.904 [info] fatal: not a git repository (or any of the parent directories): .git
2024-07-03 12:03:01.677 [info] > git rev-parse --show-toplevel [2ms]
2024-07-03 12:03:01.677 [info] fatal: not a git repository (or any of the parent directories): .git
2024-07-03 12:03:14.101 [info] > git rev-parse --show-toplevel [4ms]
2024-07-03 12:03:14.101 [info] fatal: not a git repository (or any of the parent directories): .git
2024-07-03 12:05:09.841 [info] > git rev-parse --show-toplevel [2ms]
2024-07-03 12:05:09.841 [info] fatal: not a git repository (or any of the parent directories): .git
2024-07-03 12:05:12.671 [info] > git rev-parse --show-toplevel [3ms]
2024-07-03 12:05:12.671 [info] fatal: not a git repository (or any of the parent directories): .git
2024-07-03 12:07:39.165 [info] > git rev-parse --show-toplevel [2ms]
2024-07-03 12:07:39.165 [info] fatal: not a git repository (or any of the parent directories): .git
2024-07-03 12:07:40.540 [info] > git rev-parse --show-toplevel [3ms]
2024-07-03 12:07:40.540 [info] fatal: not a git repository (or any of the parent directories): .git
2024-07-03 12:07:41.968 [info] > git rev-parse --show-toplevel [3ms]
2024-07-03 12:07:41.968 [info] fatal: not a git repository (or any of the parent directories): .git
2024-07-03 12:07:45.167 [info] > git rev-parse --show-toplevel [2ms]
2024-07-03 12:07:45.170 [info] fatal: not a git repository (or any of the parent directories): .git
2024-07-03 12:07:47.672 [info] > git rev-parse --show-toplevel [3ms]
2024-07-03 12:07:47.672 [info] fatal: not a git repository (or any of the parent directories): .git
2024-07-03 12:08:58.510 [info] > git rev-parse --show-toplevel [2ms]
2024-07-03 12:08:58.510 [info] fatal: not a git repository (or any of the parent directories): .git
2024-07-03 12:08:59.674 [info] > git rev-parse --show-toplevel [3ms]
2024-07-03 12:08:59.674 [info] fatal: not a git repository (or any of the parent directories): .git
2024-07-03 12:09:02.717 [info] > git rev-parse --show-toplevel [4ms]
2024-07-03 12:09:02.717 [info] fatal: not a git repository (or any of the parent directories): .git
2024-07-03 12:09:06.329 [info] > git rev-parse --show-toplevel [3ms]
2024-07-03 12:09:06.329 [info] fatal: not a git repository (or any of the parent directories): .git
2024-07-03 12:09:40.980 [info] > git rev-parse --show-toplevel [2ms]
2024-07-03 12:09:40.980 [info] fatal: not a git repository (or any of the parent directories): .git
2024-07-03 12:09:52.579 [info] > git rev-parse --show-toplevel [4ms]
2024-07-03 12:09:52.579 [info] fatal: not a git repository (or any of the parent directories): .git
2024-07-03 12:14:13.440 [info] > git rev-parse --show-toplevel [3ms]
2024-07-03 12:14:13.440 [info] fatal: not a git repository (or any of the parent directories): .git
2024-07-03 12:20:54.160 [info] > git rev-parse --show-toplevel [3ms]
2024-07-03 12:20:54.160 [info] fatal: not a git repository (or any of the parent directories): .git
2024-07-03 12:29:05.890 [info] > git rev-parse --show-toplevel [3ms]
2024-07-03 12:29:05.890 [info] fatal: not a git repository (or any of the parent directories): .git
2024-07-03 12:29:27.659 [info] > git rev-parse --show-toplevel [2ms]
2024-07-03 12:29:27.659 [info] fatal: not a git repository (or any of the parent directories): .git
2024-07-03 12:33:14.205 [info] > git rev-parse --show-toplevel [4ms]
2024-07-03 12:33:14.205 [info] fatal: not a git repository (or any of the parent directories): .git
2024-07-03 12:33:18.240 [info] > git rev-parse --show-toplevel [4ms]
2024-07-03 12:33:18.240 [info] fatal: not a git repository (or any of the parent directories): .git
2024-07-03 12:33:20.154 [info] > git rev-parse --show-toplevel [3ms]
2024-07-03 12:33:20.154 [info] fatal: not a git repository (or any of the parent directories): .git
2024-07-03 12:33:22.189 [info] > git rev-parse --show-toplevel [2ms]
2024-07-03 12:33:22.189 [info] fatal: not a git repository (or any of the parent directories): .git
